0 info it worked if it ends with ok
1 verbose cli [ 'D:\\Programfiles\\nodejs\\node.exe',
1 verbose cli   'D:\\Programfiles\\nodejs\\node_modules\\npm\\bin\\npm-cli.js',
1 verbose cli   'start' ]
2 info using npm@3.10.10
3 info using node@v6.10.3
4 verbose run-script [ 'prestart', 'start', 'poststart' ]
5 info lifecycle wall_street_wines@1.0.0~prestart: wall_street_wines@1.0.0
6 silly lifecycle wall_street_wines@1.0.0~prestart: no script for prestart, continuing
7 info lifecycle wall_street_wines@1.0.0~start: wall_street_wines@1.0.0
8 verbose lifecycle wall_street_wines@1.0.0~start: unsafe-perm in lifecycle true
9 verbose lifecycle wall_street_wines@1.0.0~start: PATH: D:\Programfiles\nodejs\node_modules\npm\bin\node-gyp-bin;E:\文档\GitHub\Assignment2Web\node_modules\.bin;C:\ProgramData\Oracle\Java\javapath;C:\Python34\;C:\Python34\Scripts;C:\WINDOWS\system32;C:\WINDOWS;C:\WINDOWS\System32\Wbem;C:\WINDOWS\System32\WindowsPowerShell\v1.0\;C:\Program Files (x86)\Microsoft SQL Server\Client SDK\ODBC\130\Tools\Binn\;C:\Program Files (x86)\Microsoft SQL Server\130\Tools\Binn\;C:\Program Files (x86)\Microsoft SQL Server\130\DTS\Binn\;C:\Program Files (x86)\Microsoft SQL Server\130\Tools\Binn\ManagementStudio\;C:\Program Files (x86)\Windows Live\Shared;C:\Program Files\Microsoft SQL Server\130\Tools\Binn\;D:\Programfiles\git\Git\cmd;C:\Program Files (x86)\Windows Kits\10\Windows Performance Toolkit\;C:\Program Files\dotnet\;D:\Programfiles\nodejs\;C:\Users\张力中\AppData\Local\atom\bin;D:\Programfiles\Microsoft VS Code\bin;C:\Users\张力中\AppData\Local\Microsoft\WindowsApps;D:\Programfiles\atom\bin;C:\Users\张力中\AppData\Roaming\npm
10 verbose lifecycle wall_street_wines@1.0.0~start: CWD: E:\文档\GitHub\Assignment2Web
11 silly lifecycle wall_street_wines@1.0.0~start: Args: [ '/d /s /c', 'npm install && node server.js' ]
12 silly lifecycle wall_street_wines@1.0.0~start: Returned: code: 3221225786  signal: null
13 info lifecycle wall_street_wines@1.0.0~start: Failed to exec start script
14 verbose stack Error: wall_street_wines@1.0.0 start: `npm install && node server.js`
14 verbose stack Exit status 3221225786
14 verbose stack     at EventEmitter.<anonymous> (D:\Programfiles\nodejs\node_modules\npm\lib\utils\lifecycle.js:255:16)
14 verbose stack     at emitTwo (events.js:106:13)
14 verbose stack     at EventEmitter.emit (events.js:191:7)
14 verbose stack     at ChildProcess.<anonymous> (D:\Programfiles\nodejs\node_modules\npm\lib\utils\spawn.js:40:14)
14 verbose stack     at emitTwo (events.js:106:13)
14 verbose stack     at ChildProcess.emit (events.js:191:7)
14 verbose stack     at maybeClose (internal/child_process.js:886:16)
14 verbose stack     at Process.ChildProcess._handle.onexit (internal/child_process.js:226:5)
15 verbose pkgid wall_street_wines@1.0.0
16 verbose cwd E:\文档\GitHub\Assignment2Web
17 error Windows_NT 10.0.14393
18 error argv "D:\\Programfiles\\nodejs\\node.exe" "D:\\Programfiles\\nodejs\\node_modules\\npm\\bin\\npm-cli.js" "start"
19 error node v6.10.3
20 error npm  v3.10.10
21 error code ELIFECYCLE
22 error wall_street_wines@1.0.0 start: `npm install && node server.js`
22 error Exit status 3221225786
23 error Failed at the wall_street_wines@1.0.0 start script 'npm install && node server.js'.
23 error Make sure you have the latest version of node.js and npm installed.
23 error If you do, this is most likely a problem with the wall_street_wines package,
23 error not with npm itself.
23 error Tell the author that this fails on your system:
23 error     npm install && node server.js
23 error You can get information on how to open an issue for this project with:
23 error     npm bugs wall_street_wines
23 error Or if that isn't available, you can get their info via:
23 error     npm owner ls wall_street_wines
23 error There is likely additional logging output above.
24 verbose exit [ 1, true ]
